2013-11-20 16:05:09,562 1      [      Worker-16] WARN  pl.SessionFactoryObjectFactory  - Could not bind factory to JNDI
javax.naming.NoInitialContextException: Need to specify class name in environment or system property, or as an applet parameter, or in an application resource file:  java.naming.factory.initial
	at javax.naming.spi.NamingManager.getInitialContext(NamingManager.java:645)
	at javax.naming.InitialContext.getDefaultInitCtx(InitialContext.java:288)
	at javax.naming.InitialContext.getURLOrDefaultInitCtx(InitialContext.java:325)
	at javax.naming.InitialContext.getNameParser(InitialContext.java:480)
	at org.hibernate.util.NamingHelper.bind(NamingHelper.java:75)
	at org.hibernate.impl.SessionFactoryObjectFactory.addInstance(SessionFactoryObjectFactory.java:113)
	at org.hibernate.impl.SessionFactoryImpl.<init>(SessionFactoryImpl.java:378)
	at org.hibernate.cfg.Configuration.buildSessionFactory(Configuration.java:1385)
	at org.hibernate.console.ConsoleConfiguration$5.execute(ConsoleConfiguration.java:278)
	at org.hibernate.console.execution.DefaultExecutionContext.execute(DefaultExecutionContext.java:63)
	at org.hibernate.console.ConsoleConfiguration.execute(ConsoleConfiguration.java:107)
	at org.hibernate.console.ConsoleConfiguration.buildSessionFactory(ConsoleConfiguration.java:273)
	at org.hibernate.eclipse.console.workbench.LazySessionFactoryAdapter.getChildren(LazySessionFactoryAdapter.java:43)
	at org.hibernate.eclipse.console.workbench.BasicWorkbenchAdapter.getChildren(BasicWorkbenchAdapter.java:100)
	at org.hibernate.eclipse.console.workbench.BasicWorkbenchAdapter.fetchDeferredChildren(BasicWorkbenchAdapter.java:106)
	at org.eclipse.ui.progress.DeferredTreeContentManager$1.run(DeferredTreeContentManager.java:235)
	at org.eclipse.core.internal.jobs.Worker.run(Worker.java:53)
2013-11-20 16:05:09,610 49     [      Worker-16] WARN  pl.SessionFactoryObjectFactory  - Could not bind factory to JNDI
javax.naming.NoInitialContextException: Need to specify class name in environment or system property, or as an applet parameter, or in an application resource file:  java.naming.factory.initial
	at javax.naming.spi.NamingManager.getInitialContext(NamingManager.java:645)
	at javax.naming.InitialContext.getDefaultInitCtx(InitialContext.java:288)
	at javax.naming.InitialContext.getURLOrDefaultInitCtx(InitialContext.java:325)
	at javax.naming.InitialContext.getNameParser(InitialContext.java:480)
	at org.hibernate.util.NamingHelper.bind(NamingHelper.java:75)
	at org.hibernate.impl.SessionFactoryObjectFactory.addInstance(SessionFactoryObjectFactory.java:113)
	at org.hibernate.impl.SessionFactoryImpl.<init>(SessionFactoryImpl.java:378)
	at org.hibernate.cfg.Configuration.buildSessionFactory(Configuration.java:1385)
	at org.jboss.tools.hibernate3_5.HibernateExtension3_5$3.execute(HibernateExtension3_5.java:112)
	at org.hibernate.console.execution.DefaultExecutionContext.execute(DefaultExecutionContext.java:63)
	at org.jboss.tools.hibernate3_5.HibernateExtension3_5.execute(HibernateExtension3_5.java:199)
	at org.jboss.tools.hibernate3_5.HibernateExtension3_5.buildSessionFactory(HibernateExtension3_5.java:107)
	at org.hibernate.console.ConsoleConfiguration.buildSessionFactory(ConsoleConfiguration.java:283)
	at org.hibernate.eclipse.console.workbench.LazySessionFactoryAdapter.getChildren(LazySessionFactoryAdapter.java:43)
	at org.hibernate.eclipse.console.workbench.BasicWorkbenchAdapter.getChildren(BasicWorkbenchAdapter.java:100)
	at org.hibernate.eclipse.console.workbench.BasicWorkbenchAdapter.fetchDeferredChildren(BasicWorkbenchAdapter.java:106)
	at org.eclipse.ui.progress.DeferredTreeContentManager$1.run(DeferredTreeContentManager.java:235)
	at org.eclipse.core.internal.jobs.Worker.run(Worker.java:53)
2013-11-20 16:12:56,106 466545 [           main] WARN  pl.SessionFactoryObjectFactory  - Could not unbind factory from JNDI
javax.naming.NoInitialContextException: Need to specify class name in environment or system property, or as an applet parameter, or in an application resource file:  java.naming.factory.initial
	at javax.naming.spi.NamingManager.getInitialContext(NamingManager.java:645)
	at javax.naming.InitialContext.getDefaultInitCtx(InitialContext.java:288)
	at javax.naming.InitialContext.getURLOrDefaultInitCtx(InitialContext.java:325)
	at javax.naming.InitialContext.unbind(InitialContext.java:416)
	at org.hibernate.impl.SessionFactoryObjectFactory.removeInstance(SessionFactoryObjectFactory.java:139)
	at org.hibernate.impl.SessionFactoryImpl.close(SessionFactoryImpl.java:981)
	at org.jboss.tools.hibernate3_5.HibernateExtension3_5.closeSessionFactory(HibernateExtension3_5.java:122)
	at org.jboss.tools.hibernate3_5.HibernateExtension3_5.reset(HibernateExtension3_5.java:214)
	at org.hibernate.console.ConsoleConfiguration.reset(ConsoleConfiguration.java:123)
	at org.hibernate.eclipse.console.views.ReloadConfigurationAction.doRun(ReloadConfigurationAction.java:34)
	at org.hibernate.eclipse.console.actions.ConsoleConfigurationBasedAction.run(ConsoleConfigurationBasedAction.java:65)
	at org.eclipse.ui.actions.BaseSelectionListenerAction.runWithEvent(BaseSelectionListenerAction.java:168)
	at org.eclipse.jface.action.ActionContributionItem.handleWidgetSelection(ActionContributionItem.java:584)
	at org.eclipse.jface.action.ActionContributionItem.access$2(ActionContributionItem.java:501)
	at org.eclipse.jface.action.ActionContributionItem$5.handleEvent(ActionContributionItem.java:411)
	at org.eclipse.swt.widgets.EventTable.sendEvent(EventTable.java:84)
	at org.eclipse.swt.widgets.Widget.sendEvent(Widget.java:1276)
	at org.eclipse.swt.widgets.Display.runDeferredEvents(Display.java:3554)
	at org.eclipse.swt.widgets.Display.readAndDispatch(Display.java:3179)
	at org.eclipse.e4.ui.internal.workbench.swt.PartRenderingEngine$9.run(PartRenderingEngine.java:1029)
	at org.eclipse.core.databinding.observable.Realm.runWithDefault(Realm.java:332)
	at org.eclipse.e4.ui.internal.workbench.swt.PartRenderingEngine.run(PartRenderingEngine.java:923)
	at org.eclipse.e4.ui.internal.workbench.E4Workbench.createAndRunUI(E4Workbench.java:86)
	at org.eclipse.ui.internal.Workbench$5.run(Workbench.java:588)
	at org.eclipse.core.databinding.observable.Realm.runWithDefault(Realm.java:332)
	at org.eclipse.ui.internal.Workbench.createAndRunWorkbench(Workbench.java:543)
	at org.eclipse.ui.PlatformUI.createAndRunWorkbench(PlatformUI.java:149)
	at org.eclipse.ui.internal.ide.application.IDEApplication.start(IDEApplication.java:124)
	at org.eclipse.equinox.internal.app.EclipseAppHandle.run(EclipseAppHandle.java:196)
	at org.eclipse.core.runtime.internal.adaptor.EclipseAppLauncher.runApplication(EclipseAppLauncher.java:110)
	at org.eclipse.core.runtime.internal.adaptor.EclipseAppLauncher.start(EclipseAppLauncher.java:79)
	at org.eclipse.core.runtime.adaptor.EclipseStarter.run(EclipseStarter.java:353)
	at org.eclipse.core.runtime.adaptor.EclipseStarter.run(EclipseStarter.java:180)
	at sun.reflect.NativeMethodAccessorImpl.invoke0(Native Method)
	at sun.reflect.NativeMethodAccessorImpl.invoke(NativeMethodAccessorImpl.java:39)
	at sun.reflect.DelegatingMethodAccessorImpl.invoke(DelegatingMethodAccessorImpl.java:25)
	at java.lang.reflect.Method.invoke(Method.java:597)
	at org.eclipse.equinox.launcher.Main.invokeFramework(Main.java:629)
	at org.eclipse.equinox.launcher.Main.basicRun(Main.java:584)
	at org.eclipse.equinox.launcher.Main.run(Main.java:1438)
	at org.eclipse.equinox.launcher.Main.main(Main.java:1414)
2013-11-20 16:12:56,123 466562 [           main] WARN  pl.SessionFactoryObjectFactory  - Could not unbind factory from JNDI
javax.naming.NoInitialContextException: Need to specify class name in environment or system property, or as an applet parameter, or in an application resource file:  java.naming.factory.initial
	at javax.naming.spi.NamingManager.getInitialContext(NamingManager.java:645)
	at javax.naming.InitialContext.getDefaultInitCtx(InitialContext.java:288)
	at javax.naming.InitialContext.getURLOrDefaultInitCtx(InitialContext.java:325)
	at javax.naming.InitialContext.unbind(InitialContext.java:416)
	at org.hibernate.impl.SessionFactoryObjectFactory.removeInstance(SessionFactoryObjectFactory.java:139)
	at org.hibernate.impl.SessionFactoryImpl.close(SessionFactoryImpl.java:981)
	at org.hibernate.console.ConsoleConfiguration.closeSessionFactory(ConsoleConfiguration.java:417)
	at org.hibernate.console.ConsoleConfiguration.reset(ConsoleConfiguration.java:130)
	at org.hibernate.eclipse.console.views.ReloadConfigurationAction.doRun(ReloadConfigurationAction.java:34)
	at org.hibernate.eclipse.console.actions.ConsoleConfigurationBasedAction.run(ConsoleConfigurationBasedAction.java:65)
	at org.eclipse.ui.actions.BaseSelectionListenerAction.runWithEvent(BaseSelectionListenerAction.java:168)
	at org.eclipse.jface.action.ActionContributionItem.handleWidgetSelection(ActionContributionItem.java:584)
	at org.eclipse.jface.action.ActionContributionItem.access$2(ActionContributionItem.java:501)
	at org.eclipse.jface.action.ActionContributionItem$5.handleEvent(ActionContributionItem.java:411)
	at org.eclipse.swt.widgets.EventTable.sendEvent(EventTable.java:84)
	at org.eclipse.swt.widgets.Widget.sendEvent(Widget.java:1276)
	at org.eclipse.swt.widgets.Display.runDeferredEvents(Display.java:3554)
	at org.eclipse.swt.widgets.Display.readAndDispatch(Display.java:3179)
	at org.eclipse.e4.ui.internal.workbench.swt.PartRenderingEngine$9.run(PartRenderingEngine.java:1029)
	at org.eclipse.core.databinding.observable.Realm.runWithDefault(Realm.java:332)
	at org.eclipse.e4.ui.internal.workbench.swt.PartRenderingEngine.run(PartRenderingEngine.java:923)
	at org.eclipse.e4.ui.internal.workbench.E4Workbench.createAndRunUI(E4Workbench.java:86)
	at org.eclipse.ui.internal.Workbench$5.run(Workbench.java:588)
	at org.eclipse.core.databinding.observable.Realm.runWithDefault(Realm.java:332)
	at org.eclipse.ui.internal.Workbench.createAndRunWorkbench(Workbench.java:543)
	at org.eclipse.ui.PlatformUI.createAndRunWorkbench(PlatformUI.java:149)
	at org.eclipse.ui.internal.ide.application.IDEApplication.start(IDEApplication.java:124)
	at org.eclipse.equinox.internal.app.EclipseAppHandle.run(EclipseAppHandle.java:196)
	at org.eclipse.core.runtime.internal.adaptor.EclipseAppLauncher.runApplication(EclipseAppLauncher.java:110)
	at org.eclipse.core.runtime.internal.adaptor.EclipseAppLauncher.start(EclipseAppLauncher.java:79)
	at org.eclipse.core.runtime.adaptor.EclipseStarter.run(EclipseStarter.java:353)
	at org.eclipse.core.runtime.adaptor.EclipseStarter.run(EclipseStarter.java:180)
	at sun.reflect.NativeMethodAccessorImpl.invoke0(Native Method)
	at sun.reflect.NativeMethodAccessorImpl.invoke(NativeMethodAccessorImpl.java:39)
	at sun.reflect.DelegatingMethodAccessorImpl.invoke(DelegatingMethodAccessorImpl.java:25)
	at java.lang.reflect.Method.invoke(Method.java:597)
	at org.eclipse.equinox.launcher.Main.invokeFramework(Main.java:629)
	at org.eclipse.equinox.launcher.Main.basicRun(Main.java:584)
	at org.eclipse.equinox.launcher.Main.run(Main.java:1438)
	at org.eclipse.equinox.launcher.Main.main(Main.java:1414)
2013-11-20 16:13:27,253 497692 [      Worker-20] WARN  pl.SessionFactoryObjectFactory  - Could not bind factory to JNDI
javax.naming.NoInitialContextException: Need to specify class name in environment or system property, or as an applet parameter, or in an application resource file:  java.naming.factory.initial
	at javax.naming.spi.NamingManager.getInitialContext(NamingManager.java:645)
	at javax.naming.InitialContext.getDefaultInitCtx(InitialContext.java:288)
	at javax.naming.InitialContext.getURLOrDefaultInitCtx(InitialContext.java:325)
	at javax.naming.InitialContext.getNameParser(InitialContext.java:480)
	at org.hibernate.util.NamingHelper.bind(NamingHelper.java:75)
	at org.hibernate.impl.SessionFactoryObjectFactory.addInstance(SessionFactoryObjectFactory.java:113)
	at org.hibernate.impl.SessionFactoryImpl.<init>(SessionFactoryImpl.java:378)
	at org.hibernate.cfg.Configuration.buildSessionFactory(Configuration.java:1385)
	at org.hibernate.console.ConsoleConfiguration$5.execute(ConsoleConfiguration.java:278)
	at org.hibernate.console.execution.DefaultExecutionContext.execute(DefaultExecutionContext.java:63)
	at org.hibernate.console.ConsoleConfiguration.execute(ConsoleConfiguration.java:107)
	at org.hibernate.console.ConsoleConfiguration.buildSessionFactory(ConsoleConfiguration.java:273)
	at org.hibernate.eclipse.console.workbench.LazySessionFactoryAdapter.getChildren(LazySessionFactoryAdapter.java:43)
	at org.hibernate.eclipse.console.workbench.BasicWorkbenchAdapter.getChildren(BasicWorkbenchAdapter.java:100)
	at org.hibernate.eclipse.console.workbench.BasicWorkbenchAdapter.fetchDeferredChildren(BasicWorkbenchAdapter.java:106)
	at org.eclipse.ui.progress.DeferredTreeContentManager$1.run(DeferredTreeContentManager.java:235)
	at org.eclipse.core.internal.jobs.Worker.run(Worker.java:53)
2013-11-20 16:13:27,262 497701 [      Worker-20] WARN  pl.SessionFactoryObjectFactory  - Could not bind factory to JNDI
javax.naming.NoInitialContextException: Need to specify class name in environment or system property, or as an applet parameter, or in an application resource file:  java.naming.factory.initial
	at javax.naming.spi.NamingManager.getInitialContext(NamingManager.java:645)
	at javax.naming.InitialContext.getDefaultInitCtx(InitialContext.java:288)
	at javax.naming.InitialContext.getURLOrDefaultInitCtx(InitialContext.java:325)
	at javax.naming.InitialContext.getNameParser(InitialContext.java:480)
	at org.hibernate.util.NamingHelper.bind(NamingHelper.java:75)
	at org.hibernate.impl.SessionFactoryObjectFactory.addInstance(SessionFactoryObjectFactory.java:113)
	at org.hibernate.impl.SessionFactoryImpl.<init>(SessionFactoryImpl.java:378)
	at org.hibernate.cfg.Configuration.buildSessionFactory(Configuration.java:1385)
	at org.jboss.tools.hibernate3_5.HibernateExtension3_5$3.execute(HibernateExtension3_5.java:112)
	at org.hibernate.console.execution.DefaultExecutionContext.execute(DefaultExecutionContext.java:63)
	at org.jboss.tools.hibernate3_5.HibernateExtension3_5.execute(HibernateExtension3_5.java:199)
	at org.jboss.tools.hibernate3_5.HibernateExtension3_5.buildSessionFactory(HibernateExtension3_5.java:107)
	at org.hibernate.console.ConsoleConfiguration.buildSessionFactory(ConsoleConfiguration.java:283)
	at org.hibernate.eclipse.console.workbench.LazySessionFactoryAdapter.getChildren(LazySessionFactoryAdapter.java:43)
	at org.hibernate.eclipse.console.workbench.BasicWorkbenchAdapter.getChildren(BasicWorkbenchAdapter.java:100)
	at org.hibernate.eclipse.console.workbench.BasicWorkbenchAdapter.fetchDeferredChildren(BasicWorkbenchAdapter.java:106)
	at org.eclipse.ui.progress.DeferredTreeContentManager$1.run(DeferredTreeContentManager.java:235)
	at org.eclipse.core.internal.jobs.Worker.run(Worker.java:53)
2013-11-21 09:48:09,830 63780269 [   ModalContext] WARN  pl.SessionFactoryObjectFactory  - Could not unbind factory from JNDI
javax.naming.NoInitialContextException: Need to specify class name in environment or system property, or as an applet parameter, or in an application resource file:  java.naming.factory.initial
	at javax.naming.spi.NamingManager.getInitialContext(NamingManager.java:645)
	at javax.naming.InitialContext.getDefaultInitCtx(InitialContext.java:288)
	at javax.naming.InitialContext.getURLOrDefaultInitCtx(InitialContext.java:325)
	at javax.naming.InitialContext.unbind(InitialContext.java:416)
	at org.hibernate.impl.SessionFactoryObjectFactory.removeInstance(SessionFactoryObjectFactory.java:139)
	at org.hibernate.impl.SessionFactoryImpl.close(SessionFactoryImpl.java:981)
	at org.jboss.tools.hibernate3_5.HibernateExtension3_5.closeSessionFactory(HibernateExtension3_5.java:122)
	at org.jboss.tools.hibernate3_5.HibernateExtension3_5.reset(HibernateExtension3_5.java:214)
	at org.hibernate.console.ConsoleConfiguration.reset(ConsoleConfiguration.java:123)
	at org.hibernate.eclipse.launch.core.refactoring.RenameResourceParticipant.createChange(RenameResourceParticipant.java:57)
	at org.eclipse.ltk.core.refactoring.participants.ProcessorBasedRefactoring.createChange(ProcessorBasedRefactoring.java:310)
	at org.eclipse.ltk.core.refactoring.CreateChangeOperation.run(CreateChangeOperation.java:124)
	at org.eclipse.ltk.core.refactoring.PerformChangeOperation.run(PerformChangeOperation.java:209)
	at org.eclipse.core.internal.resources.Workspace.run(Workspace.java:2344)
	at org.eclipse.ltk.internal.ui.refactoring.WorkbenchRunnableAdapter.run(WorkbenchRunnableAdapter.java:87)
	at org.eclipse.jface.operation.ModalContext$ModalContextThread.run(ModalContext.java:121)
2013-11-21 09:48:09,908 63780347 [   ModalContext] WARN  pl.SessionFactoryObjectFactory  - Could not unbind factory from JNDI
javax.naming.NoInitialContextException: Need to specify class name in environment or system property, or as an applet parameter, or in an application resource file:  java.naming.factory.initial
	at javax.naming.spi.NamingManager.getInitialContext(NamingManager.java:645)
	at javax.naming.InitialContext.getDefaultInitCtx(InitialContext.java:288)
	at javax.naming.InitialContext.getURLOrDefaultInitCtx(InitialContext.java:325)
	at javax.naming.InitialContext.unbind(InitialContext.java:416)
	at org.hibernate.impl.SessionFactoryObjectFactory.removeInstance(SessionFactoryObjectFactory.java:139)
	at org.hibernate.impl.SessionFactoryImpl.close(SessionFactoryImpl.java:981)
	at org.hibernate.console.ConsoleConfiguration.closeSessionFactory(ConsoleConfiguration.java:417)
	at org.hibernate.console.ConsoleConfiguration.reset(ConsoleConfiguration.java:130)
	at org.hibernate.eclipse.launch.core.refactoring.RenameResourceParticipant.createChange(RenameResourceParticipant.java:57)
	at org.eclipse.ltk.core.refactoring.participants.ProcessorBasedRefactoring.createChange(ProcessorBasedRefactoring.java:310)
	at org.eclipse.ltk.core.refactoring.CreateChangeOperation.run(CreateChangeOperation.java:124)
	at org.eclipse.ltk.core.refactoring.PerformChangeOperation.run(PerformChangeOperation.java:209)
	at org.eclipse.core.internal.resources.Workspace.run(Workspace.java:2344)
	at org.eclipse.ltk.internal.ui.refactoring.WorkbenchRunnableAdapter.run(WorkbenchRunnableAdapter.java:87)
	at org.eclipse.jface.operation.ModalContext$ModalContextThread.run(ModalContext.java:121)
